

[INFO ] 2019-05-16 10:00:01,538 method:org.apache.zookeeper.ClientCnxn$SendThread.logStartConnect(ClientCnxn.java:1032)
Opening socket connection to server 192.168.25.128/192.168.25.128:2181. Will not attempt to authenticate using SASL (unknown error)


[WARN ] 2019-05-16 10:00:22,544 method:org.apache.zookeeper.ClientCnxn$SendThread.run(ClientCnxn.java:1162)
Session 0x16abc8388100001 for server null, unexpected error, closing socket connection and attempting reconnect
java.net.ConnectException: Connection timed out: no further information
	at sun.nio.ch.SocketChannelImpl.checkConnect(Native Method)
	at sun.nio.ch.SocketChannelImpl.finishConnect(SocketChannelImpl.java:717)
	at org.apache.zookeeper.ClientCnxnSocketNIO.doTransport(ClientCnxnSocketNIO.java:361)
	at org.apache.zookeeper.ClientCnxn$SendThread.run(ClientCnxn.java:1141)


[INFO ] 2019-05-16 10:00:24,557 method:org.apache.zookeeper.ClientCnxn$SendThread.logStartConnect(ClientCnxn.java:1032)
Opening socket connection to server 192.168.25.128/192.168.25.128:2181. Will not attempt to authenticate using SASL (unknown error)


[WARN ] 2019-05-16 10:00:45,556 method:org.apache.zookeeper.ClientCnxn$SendThread.run(ClientCnxn.java:1162)
Session 0x16abc8388100001 for server null, unexpected error, closing socket connection and attempting reconnect
java.net.ConnectException: Connection timed out: no further information
	at sun.nio.ch.SocketChannelImpl.checkConnect(Native Method)
	at sun.nio.ch.SocketChannelImpl.finishConnect(SocketChannelImpl.java:717)
	at org.apache.zookeeper.ClientCnxnSocketNIO.doTransport(ClientCnxnSocketNIO.java:361)
	at org.apache.zookeeper.ClientCnxn$SendThread.run(ClientCnxn.java:1141)


[INFO ] 2019-05-16 10:00:47,632 method:org.apache.zookeeper.ClientCnxn$SendThread.logStartConnect(ClientCnxn.java:1032)
Opening socket connection to server 192.168.25.128/192.168.25.128:2181. Will not attempt to authenticate using SASL (unknown error)


[WARN ] 2019-05-16 10:01:08,640 method:org.apache.zookeeper.ClientCnxn$SendThread.run(ClientCnxn.java:1162)
Session 0x16abc8388100001 for server null, unexpected error, closing socket connection and attempting reconnect
java.net.ConnectException: Connection timed out: no further information
	at sun.nio.ch.SocketChannelImpl.checkConnect(Native Method)
	at sun.nio.ch.SocketChannelImpl.finishConnect(SocketChannelImpl.java:717)
	at org.apache.zookeeper.ClientCnxnSocketNIO.doTransport(ClientCnxnSocketNIO.java:361)
	at org.apache.zookeeper.ClientCnxn$SendThread.run(ClientCnxn.java:1141)


[INFO ] 2019-05-16 10:01:10,306 method:org.apache.zookeeper.ClientCnxn$SendThread.logStartConnect(ClientCnxn.java:1032)
Opening socket connection to server 192.168.25.128/192.168.25.128:2181. Will not attempt to authenticate using SASL (unknown error)


[WARN ] 2019-05-16 10:01:31,322 method:org.apache.zookeeper.ClientCnxn$SendThread.run(ClientCnxn.java:1162)
Session 0x16abc8388100001 for server null, unexpected error, closing socket connection and attempting reconnect
java.net.ConnectException: Connection timed out: no further information
	at sun.nio.ch.SocketChannelImpl.checkConnect(Native Method)
	at sun.nio.ch.SocketChannelImpl.finishConnect(SocketChannelImpl.java:717)
	at org.apache.zookeeper.ClientCnxnSocketNIO.doTransport(ClientCnxnSocketNIO.java:361)
	at org.apache.zookeeper.ClientCnxn$SendThread.run(ClientCnxn.java:1141)


[INFO ] 2019-05-16 10:01:32,467 method:org.apache.zookeeper.ClientCnxn$SendThread.logStartConnect(ClientCnxn.java:1032)
Opening socket connection to server 192.168.25.128/192.168.25.128:2181. Will not attempt to authenticate using SASL (unknown error)


[WARN ] 2019-05-16 10:01:53,476 method:org.apache.zookeeper.ClientCnxn$SendThread.run(ClientCnxn.java:1162)
Session 0x16abc8388100001 for server null, unexpected error, closing socket connection and attempting reconnect
java.net.ConnectException: Connection timed out: no further information
	at sun.nio.ch.SocketChannelImpl.checkConnect(Native Method)
	at sun.nio.ch.SocketChannelImpl.finishConnect(SocketChannelImpl.java:717)
	at org.apache.zookeeper.ClientCnxnSocketNIO.doTransport(ClientCnxnSocketNIO.java:361)
	at org.apache.zookeeper.ClientCnxn$SendThread.run(ClientCnxn.java:1141)


[INFO ] 2019-05-16 10:01:54,881 method:org.apache.zookeeper.ClientCnxn$SendThread.logStartConnect(ClientCnxn.java:1032)
Opening socket connection to server 192.168.25.128/192.168.25.128:2181. Will not attempt to authenticate using SASL (unknown error)


[WARN ] 2019-05-16 10:02:15,879 method:org.apache.zookeeper.ClientCnxn$SendThread.run(ClientCnxn.java:1162)
Session 0x16abc8388100001 for server null, unexpected error, closing socket connection and attempting reconnect
java.net.ConnectException: Connection timed out: no further information
	at sun.nio.ch.SocketChannelImpl.checkConnect(Native Method)
	at sun.nio.ch.SocketChannelImpl.finishConnect(SocketChannelImpl.java:717)
	at org.apache.zookeeper.ClientCnxnSocketNIO.doTransport(ClientCnxnSocketNIO.java:361)
	at org.apache.zookeeper.ClientCnxn$SendThread.run(ClientCnxn.java:1141)


[INFO ] 2019-05-16 10:02:17,848 method:org.apache.zookeeper.ClientCnxn$SendThread.logStartConnect(ClientCnxn.java:1032)
Opening socket connection to server 192.168.25.128/192.168.25.128:2181. Will not attempt to authenticate using SASL (unknown error)


[WARN ] 2019-05-16 10:02:38,851 method:org.apache.zookeeper.ClientCnxn$SendThread.run(ClientCnxn.java:1162)
Session 0x16abc8388100001 for server null, unexpected error, closing socket connection and attempting reconnect
java.net.ConnectException: Connection timed out: no further information
	at sun.nio.ch.SocketChannelImpl.checkConnect(Native Method)
	at sun.nio.ch.SocketChannelImpl.finishConnect(SocketChannelImpl.java:717)
	at org.apache.zookeeper.ClientCnxnSocketNIO.doTransport(ClientCnxnSocketNIO.java:361)
	at org.apache.zookeeper.ClientCnxn$SendThread.run(ClientCnxn.java:1141)


[INFO ] 2019-05-16 10:02:40,627 method:org.apache.zookeeper.ClientCnxn$SendThread.logStartConnect(ClientCnxn.java:1032)
Opening socket connection to server 192.168.25.128/192.168.25.128:2181. Will not attempt to authenticate using SASL (unknown error)


[WARN ] 2019-05-16 10:03:01,625 method:org.apache.zookeeper.ClientCnxn$SendThread.run(ClientCnxn.java:1162)
Session 0x16abc8388100001 for server null, unexpected error, closing socket connection and attempting reconnect
java.net.ConnectException: Connection timed out: no further information
	at sun.nio.ch.SocketChannelImpl.checkConnect(Native Method)
	at sun.nio.ch.SocketChannelImpl.finishConnect(SocketChannelImpl.java:717)
	at org.apache.zookeeper.ClientCnxnSocketNIO.doTransport(ClientCnxnSocketNIO.java:361)
	at org.apache.zookeeper.ClientCnxn$SendThread.run(ClientCnxn.java:1141)


[INFO ] 2019-05-16 10:03:02,895 method:org.apache.zookeeper.ClientCnxn$SendThread.logStartConnect(ClientCnxn.java:1032)
Opening socket connection to server 192.168.25.128/192.168.25.128:2181. Will not attempt to authenticate using SASL (unknown error)


[WARN ] 2019-05-16 10:03:23,924 method:org.apache.zookeeper.ClientCnxn$SendThread.run(ClientCnxn.java:1162)
Session 0x16abc8388100001 for server null, unexpected error, closing socket connection and attempting reconnect
java.net.ConnectException: Connection timed out: no further information
	at sun.nio.ch.SocketChannelImpl.checkConnect(Native Method)
	at sun.nio.ch.SocketChannelImpl.finishConnect(SocketChannelImpl.java:717)
	at org.apache.zookeeper.ClientCnxnSocketNIO.doTransport(ClientCnxnSocketNIO.java:361)
	at org.apache.zookeeper.ClientCnxn$SendThread.run(ClientCnxn.java:1141)


[INFO ] 2019-05-16 10:03:25,661 method:org.apache.zookeeper.ClientCnxn$SendThread.logStartConnect(ClientCnxn.java:1032)
Opening socket connection to server 192.168.25.128/192.168.25.128:2181. Will not attempt to authenticate using SASL (unknown error)


[WARN ] 2019-05-16 10:03:46,663 method:org.apache.zookeeper.ClientCnxn$SendThread.run(ClientCnxn.java:1162)
Session 0x16abc8388100001 for server null, unexpected error, closing socket connection and attempting reconnect
java.net.ConnectException: Connection timed out: no further information
	at sun.nio.ch.SocketChannelImpl.checkConnect(Native Method)
	at sun.nio.ch.SocketChannelImpl.finishConnect(SocketChannelImpl.java:717)
	at org.apache.zookeeper.ClientCnxnSocketNIO.doTransport(ClientCnxnSocketNIO.java:361)
	at org.apache.zookeeper.ClientCnxn$SendThread.run(ClientCnxn.java:1141)


[INFO ] 2019-05-16 10:03:48,701 method:org.apache.zookeeper.ClientCnxn$SendThread.logStartConnect(ClientCnxn.java:1032)
Opening socket connection to server 192.168.25.128/192.168.25.128:2181. Will not attempt to authenticate using SASL (unknown error)


[WARN ] 2019-05-16 10:04:09,703 method:org.apache.zookeeper.ClientCnxn$SendThread.run(ClientCnxn.java:1162)
Session 0x16abc8388100001 for server null, unexpected error, closing socket connection and attempting reconnect
java.net.ConnectException: Connection timed out: no further information
	at sun.nio.ch.SocketChannelImpl.checkConnect(Native Method)
	at sun.nio.ch.SocketChannelImpl.finishConnect(SocketChannelImpl.java:717)
	at org.apache.zookeeper.ClientCnxnSocketNIO.doTransport(ClientCnxnSocketNIO.java:361)
	at org.apache.zookeeper.ClientCnxn$SendThread.run(ClientCnxn.java:1141)


[INFO ] 2019-05-16 10:04:11,092 method:org.apache.zookeeper.ClientCnxn$SendThread.logStartConnect(ClientCnxn.java:1032)
Opening socket connection to server 192.168.25.128/192.168.25.128:2181. Will not attempt to authenticate using SASL (unknown error)


[WARN ] 2019-05-16 10:04:32,087 method:org.apache.zookeeper.ClientCnxn$SendThread.run(ClientCnxn.java:1162)
Session 0x16abc8388100001 for server null, unexpected error, closing socket connection and attempting reconnect
java.net.ConnectException: Connection timed out: no further information
	at sun.nio.ch.SocketChannelImpl.checkConnect(Native Method)
	at sun.nio.ch.SocketChannelImpl.finishConnect(SocketChannelImpl.java:717)
	at org.apache.zookeeper.ClientCnxnSocketNIO.doTransport(ClientCnxnSocketNIO.java:361)
	at org.apache.zookeeper.ClientCnxn$SendThread.run(ClientCnxn.java:1141)


[INFO ] 2019-05-16 10:04:33,207 method:org.apache.zookeeper.ClientCnxn$SendThread.logStartConnect(ClientCnxn.java:1032)
Opening socket connection to server 192.168.25.128/192.168.25.128:2181. Will not attempt to authenticate using SASL (unknown error)


[WARN ] 2019-05-16 10:04:54,212 method:org.apache.zookeeper.ClientCnxn$SendThread.run(ClientCnxn.java:1162)
Session 0x16abc8388100001 for server null, unexpected error, closing socket connection and attempting reconnect
java.net.ConnectException: Connection timed out: no further information
	at sun.nio.ch.SocketChannelImpl.checkConnect(Native Method)
	at sun.nio.ch.SocketChannelImpl.finishConnect(SocketChannelImpl.java:717)
	at org.apache.zookeeper.ClientCnxnSocketNIO.doTransport(ClientCnxnSocketNIO.java:361)
	at org.apache.zookeeper.ClientCnxn$SendThread.run(ClientCnxn.java:1141)


[INFO ] 2019-05-16 10:04:56,140 method:org.apache.zookeeper.ClientCnxn$SendThread.logStartConnect(ClientCnxn.java:1032)
Opening socket connection to server 192.168.25.128/192.168.25.128:2181. Will not attempt to authenticate using SASL (unknown error)


[WARN ] 2019-05-16 10:05:17,139 method:org.apache.zookeeper.ClientCnxn$SendThread.run(ClientCnxn.java:1162)
Session 0x16abc8388100001 for server null, unexpected error, closing socket connection and attempting reconnect
java.net.ConnectException: Connection timed out: no further information
	at sun.nio.ch.SocketChannelImpl.checkConnect(Native Method)
	at sun.nio.ch.SocketChannelImpl.finishConnect(SocketChannelImpl.java:717)
	at org.apache.zookeeper.ClientCnxnSocketNIO.doTransport(ClientCnxnSocketNIO.java:361)
	at org.apache.zookeeper.ClientCnxn$SendThread.run(ClientCnxn.java:1141)


[INFO ] 2019-05-16 10:05:19,048 method:org.apache.zookeeper.ClientCnxn$SendThread.logStartConnect(ClientCnxn.java:1032)
Opening socket connection to server 192.168.25.128/192.168.25.128:2181. Will not attempt to authenticate using SASL (unknown error)


[WARN ] 2019-05-16 10:05:40,061 method:org.apache.zookeeper.ClientCnxn$SendThread.run(ClientCnxn.java:1162)
Session 0x16abc8388100001 for server null, unexpected error, closing socket connection and attempting reconnect
java.net.ConnectException: Connection timed out: no further information
	at sun.nio.ch.SocketChannelImpl.checkConnect(Native Method)
	at sun.nio.ch.SocketChannelImpl.finishConnect(SocketChannelImpl.java:717)
	at org.apache.zookeeper.ClientCnxnSocketNIO.doTransport(ClientCnxnSocketNIO.java:361)
	at org.apache.zookeeper.ClientCnxn$SendThread.run(ClientCnxn.java:1141)


[INFO ] 2019-05-16 10:05:41,467 method:org.apache.zookeeper.ClientCnxn$SendThread.logStartConnect(ClientCnxn.java:1032)
Opening socket connection to server 192.168.25.128/192.168.25.128:2181. Will not attempt to authenticate using SASL (unknown error)


[WARN ] 2019-05-16 10:06:02,473 method:org.apache.zookeeper.ClientCnxn$SendThread.run(ClientCnxn.java:1162)
Session 0x16abc8388100001 for server null, unexpected error, closing socket connection and attempting reconnect
java.net.ConnectException: Connection timed out: no further information
	at sun.nio.ch.SocketChannelImpl.checkConnect(Native Method)
	at sun.nio.ch.SocketChannelImpl.finishConnect(SocketChannelImpl.java:717)
	at org.apache.zookeeper.ClientCnxnSocketNIO.doTransport(ClientCnxnSocketNIO.java:361)
	at org.apache.zookeeper.ClientCnxn$SendThread.run(ClientCnxn.java:1141)


[INFO ] 2019-05-16 10:06:03,795 method:org.apache.zookeeper.ClientCnxn$SendThread.logStartConnect(ClientCnxn.java:1032)
Opening socket connection to server 192.168.25.128/192.168.25.128:2181. Will not attempt to authenticate using SASL (unknown error)


[WARN ] 2019-05-16 10:06:24,795 method:org.apache.zookeeper.ClientCnxn$SendThread.run(ClientCnxn.java:1162)
Session 0x16abc8388100001 for server null, unexpected error, closing socket connection and attempting reconnect
java.net.ConnectException: Connection timed out: no further information
	at sun.nio.ch.SocketChannelImpl.checkConnect(Native Method)
	at sun.nio.ch.SocketChannelImpl.finishConnect(SocketChannelImpl.java:717)
	at org.apache.zookeeper.ClientCnxnSocketNIO.doTransport(ClientCnxnSocketNIO.java:361)
	at org.apache.zookeeper.ClientCnxn$SendThread.run(ClientCnxn.java:1141)


[INFO ] 2019-05-16 10:06:26,342 method:org.apache.zookeeper.ClientCnxn$SendThread.logStartConnect(ClientCnxn.java:1032)
Opening socket connection to server 192.168.25.128/192.168.25.128:2181. Will not attempt to authenticate using SASL (unknown error)


[WARN ] 2019-05-16 10:06:47,384 method:org.apache.zookeeper.ClientCnxn$SendThread.run(ClientCnxn.java:1162)
Session 0x16abc8388100001 for server null, unexpected error, closing socket connection and attempting reconnect
java.net.ConnectException: Connection timed out: no further information
	at sun.nio.ch.SocketChannelImpl.checkConnect(Native Method)
	at sun.nio.ch.SocketChannelImpl.finishConnect(SocketChannelImpl.java:717)
	at org.apache.zookeeper.ClientCnxnSocketNIO.doTransport(ClientCnxnSocketNIO.java:361)
	at org.apache.zookeeper.ClientCnxn$SendThread.run(ClientCnxn.java:1141)


[INFO ] 2019-05-16 10:06:49,088 method:org.apache.zookeeper.ClientCnxn$SendThread.logStartConnect(ClientCnxn.java:1032)
Opening socket connection to server 192.168.25.128/192.168.25.128:2181. Will not attempt to authenticate using SASL (unknown error)


[WARN ] 2019-05-16 10:07:10,102 method:org.apache.zookeeper.ClientCnxn$SendThread.run(ClientCnxn.java:1162)
Session 0x16abc8388100001 for server null, unexpected error, closing socket connection and attempting reconnect
java.net.ConnectException: Connection timed out: no further information
	at sun.nio.ch.SocketChannelImpl.checkConnect(Native Method)
	at sun.nio.ch.SocketChannelImpl.finishConnect(SocketChannelImpl.java:717)
	at org.apache.zookeeper.ClientCnxnSocketNIO.doTransport(ClientCnxnSocketNIO.java:361)
	at org.apache.zookeeper.ClientCnxn$SendThread.run(ClientCnxn.java:1141)


[INFO ] 2019-05-16 10:07:11,420 method:org.apache.zookeeper.ClientCnxn$SendThread.logStartConnect(ClientCnxn.java:1032)
Opening socket connection to server 192.168.25.128/192.168.25.128:2181. Will not attempt to authenticate using SASL (unknown error)


[WARN ] 2019-05-16 10:07:32,445 method:org.apache.zookeeper.ClientCnxn$SendThread.run(ClientCnxn.java:1162)
Session 0x16abc8388100001 for server null, unexpected error, closing socket connection and attempting reconnect
java.net.ConnectException: Connection timed out: no further information
	at sun.nio.ch.SocketChannelImpl.checkConnect(Native Method)
	at sun.nio.ch.SocketChannelImpl.finishConnect(SocketChannelImpl.java:717)
	at org.apache.zookeeper.ClientCnxnSocketNIO.doTransport(ClientCnxnSocketNIO.java:361)
	at org.apache.zookeeper.ClientCnxn$SendThread.run(ClientCnxn.java:1141)


[INFO ] 2019-05-16 10:07:33,937 method:org.apache.zookeeper.ClientCnxn$SendThread.logStartConnect(ClientCnxn.java:1032)
Opening socket connection to server 192.168.25.128/192.168.25.128:2181. Will not attempt to authenticate using SASL (unknown error)


[WARN ] 2019-05-16 10:07:54,936 method:org.apache.zookeeper.ClientCnxn$SendThread.run(ClientCnxn.java:1162)
Session 0x16abc8388100001 for server null, unexpected error, closing socket connection and attempting reconnect
java.net.ConnectException: Connection timed out: no further information
	at sun.nio.ch.SocketChannelImpl.checkConnect(Native Method)
	at sun.nio.ch.SocketChannelImpl.finishConnect(SocketChannelImpl.java:717)
	at org.apache.zookeeper.ClientCnxnSocketNIO.doTransport(ClientCnxnSocketNIO.java:361)
	at org.apache.zookeeper.ClientCnxn$SendThread.run(ClientCnxn.java:1141)


[INFO ] 2019-05-16 10:07:56,733 method:org.apache.zookeeper.ClientCnxn$SendThread.logStartConnect(ClientCnxn.java:1032)
Opening socket connection to server 192.168.25.128/192.168.25.128:2181. Will not attempt to authenticate using SASL (unknown error)


[WARN ] 2019-05-16 10:08:17,734 method:org.apache.zookeeper.ClientCnxn$SendThread.run(ClientCnxn.java:1162)
Session 0x16abc8388100001 for server null, unexpected error, closing socket connection and attempting reconnect
java.net.ConnectException: Connection timed out: no further information
	at sun.nio.ch.SocketChannelImpl.checkConnect(Native Method)
	at sun.nio.ch.SocketChannelImpl.finishConnect(SocketChannelImpl.java:717)
	at org.apache.zookeeper.ClientCnxnSocketNIO.doTransport(ClientCnxnSocketNIO.java:361)
	at org.apache.zookeeper.ClientCnxn$SendThread.run(ClientCnxn.java:1141)


[INFO ] 2019-05-16 10:08:18,894 method:org.apache.zookeeper.ClientCnxn$SendThread.logStartConnect(ClientCnxn.java:1032)
Opening socket connection to server 192.168.25.128/192.168.25.128:2181. Will not attempt to authenticate using SASL (unknown error)


[WARN ] 2019-05-16 10:08:39,890 method:org.apache.zookeeper.ClientCnxn$SendThread.run(ClientCnxn.java:1162)
Session 0x16abc8388100001 for server null, unexpected error, closing socket connection and attempting reconnect
java.net.ConnectException: Connection timed out: no further information
	at sun.nio.ch.SocketChannelImpl.checkConnect(Native Method)
	at sun.nio.ch.SocketChannelImpl.finishConnect(SocketChannelImpl.java:717)
	at org.apache.zookeeper.ClientCnxnSocketNIO.doTransport(ClientCnxnSocketNIO.java:361)
	at org.apache.zookeeper.ClientCnxn$SendThread.run(ClientCnxn.java:1141)


[INFO ] 2019-05-16 10:08:41,531 method:org.apache.zookeeper.ClientCnxn$SendThread.logStartConnect(ClientCnxn.java:1032)
Opening socket connection to server 192.168.25.128/192.168.25.128:2181. Will not attempt to authenticate using SASL (unknown error)


[WARN ] 2019-05-16 10:09:02,535 method:org.apache.zookeeper.ClientCnxn$SendThread.run(ClientCnxn.java:1162)
Session 0x16abc8388100001 for server null, unexpected error, closing socket connection and attempting reconnect
java.net.ConnectException: Connection timed out: no further information
	at sun.nio.ch.SocketChannelImpl.checkConnect(Native Method)
	at sun.nio.ch.SocketChannelImpl.finishConnect(SocketChannelImpl.java:717)
	at org.apache.zookeeper.ClientCnxnSocketNIO.doTransport(ClientCnxnSocketNIO.java:361)
	at org.apache.zookeeper.ClientCnxn$SendThread.run(ClientCnxn.java:1141)


[INFO ] 2019-05-16 10:09:04,607 method:org.apache.zookeeper.ClientCnxn$SendThread.logStartConnect(ClientCnxn.java:1032)
Opening socket connection to server 192.168.25.128/192.168.25.128:2181. Will not attempt to authenticate using SASL (unknown error)


[WARN ] 2019-05-16 10:09:25,613 method:org.apache.zookeeper.ClientCnxn$SendThread.run(ClientCnxn.java:1162)
Session 0x16abc8388100001 for server null, unexpected error, closing socket connection and attempting reconnect
java.net.ConnectException: Connection timed out: no further information
	at sun.nio.ch.SocketChannelImpl.checkConnect(Native Method)
	at sun.nio.ch.SocketChannelImpl.finishConnect(SocketChannelImpl.java:717)
	at org.apache.zookeeper.ClientCnxnSocketNIO.doTransport(ClientCnxnSocketNIO.java:361)
	at org.apache.zookeeper.ClientCnxn$SendThread.run(ClientCnxn.java:1141)


[INFO ] 2019-05-16 10:09:27,138 method:org.apache.zookeeper.ClientCnxn$SendThread.logStartConnect(ClientCnxn.java:1032)
Opening socket connection to server 192.168.25.128/192.168.25.128:2181. Will not attempt to authenticate using SASL (unknown error)


[WARN ] 2019-05-16 10:09:48,210 method:org.apache.zookeeper.ClientCnxn$SendThread.run(ClientCnxn.java:1162)
Session 0x16abc8388100001 for server null, unexpected error, closing socket connection and attempting reconnect
java.net.ConnectException: Connection timed out: no further information
	at sun.nio.ch.SocketChannelImpl.checkConnect(Native Method)
	at sun.nio.ch.SocketChannelImpl.finishConnect(SocketChannelImpl.java:717)
	at org.apache.zookeeper.ClientCnxnSocketNIO.doTransport(ClientCnxnSocketNIO.java:361)
	at org.apache.zookeeper.ClientCnxn$SendThread.run(ClientCnxn.java:1141)


[INFO ] 2019-05-16 10:09:49,429 method:org.apache.zookeeper.ClientCnxn$SendThread.logStartConnect(ClientCnxn.java:1032)
Opening socket connection to server 192.168.25.128/192.168.25.128:2181. Will not attempt to authenticate using SASL (unknown error)


[WARN ] 2019-05-16 10:10:10,429 method:org.apache.zookeeper.ClientCnxn$SendThread.run(ClientCnxn.java:1162)
Session 0x16abc8388100001 for server null, unexpected error, closing socket connection and attempting reconnect
java.net.ConnectException: Connection timed out: no further information
	at sun.nio.ch.SocketChannelImpl.checkConnect(Native Method)
	at sun.nio.ch.SocketChannelImpl.finishConnect(SocketChannelImpl.java:717)
	at org.apache.zookeeper.ClientCnxnSocketNIO.doTransport(ClientCnxnSocketNIO.java:361)
	at org.apache.zookeeper.ClientCnxn$SendThread.run(ClientCnxn.java:1141)


[INFO ] 2019-05-16 10:10:11,608 method:org.apache.zookeeper.ClientCnxn$SendThread.logStartConnect(ClientCnxn.java:1032)
Opening socket connection to server 192.168.25.128/192.168.25.128:2181. Will not attempt to authenticate using SASL (unknown error)


[WARN ] 2019-05-16 10:10:32,611 method:org.apache.zookeeper.ClientCnxn$SendThread.run(ClientCnxn.java:1162)
Session 0x16abc8388100001 for server null, unexpected error, closing socket connection and attempting reconnect
java.net.ConnectException: Connection timed out: no further information
	at sun.nio.ch.SocketChannelImpl.checkConnect(Native Method)
	at sun.nio.ch.SocketChannelImpl.finishConnect(SocketChannelImpl.java:717)
	at org.apache.zookeeper.ClientCnxnSocketNIO.doTransport(ClientCnxnSocketNIO.java:361)
	at org.apache.zookeeper.ClientCnxn$SendThread.run(ClientCnxn.java:1141)


[INFO ] 2019-05-16 10:10:33,999 method:org.apache.zookeeper.ClientCnxn$SendThread.logStartConnect(ClientCnxn.java:1032)
Opening socket connection to server 192.168.25.128/192.168.25.128:2181. Will not attempt to authenticate using SASL (unknown error)


[WARN ] 2019-05-16 10:10:54,995 method:org.apache.zookeeper.ClientCnxn$SendThread.run(ClientCnxn.java:1162)
Session 0x16abc8388100001 for server null, unexpected error, closing socket connection and attempting reconnect
java.net.ConnectException: Connection timed out: no further information
	at sun.nio.ch.SocketChannelImpl.checkConnect(Native Method)
	at sun.nio.ch.SocketChannelImpl.finishConnect(SocketChannelImpl.java:717)
	at org.apache.zookeeper.ClientCnxnSocketNIO.doTransport(ClientCnxnSocketNIO.java:361)
	at org.apache.zookeeper.ClientCnxn$SendThread.run(ClientCnxn.java:1141)


[INFO ] 2019-05-16 10:10:56,374 method:org.apache.zookeeper.ClientCnxn$SendThread.logStartConnect(ClientCnxn.java:1032)
Opening socket connection to server 192.168.25.128/192.168.25.128:2181. Will not attempt to authenticate using SASL (unknown error)


[WARN ] 2019-05-16 10:11:17,377 method:org.apache.zookeeper.ClientCnxn$SendThread.run(ClientCnxn.java:1162)
Session 0x16abc8388100001 for server null, unexpected error, closing socket connection and attempting reconnect
java.net.ConnectException: Connection timed out: no further information
	at sun.nio.ch.SocketChannelImpl.checkConnect(Native Method)
	at sun.nio.ch.SocketChannelImpl.finishConnect(SocketChannelImpl.java:717)
	at org.apache.zookeeper.ClientCnxnSocketNIO.doTransport(ClientCnxnSocketNIO.java:361)
	at org.apache.zookeeper.ClientCnxn$SendThread.run(ClientCnxn.java:1141)


[INFO ] 2019-05-16 10:11:19,170 method:org.apache.zookeeper.ClientCnxn$SendThread.logStartConnect(ClientCnxn.java:1032)
Opening socket connection to server 192.168.25.128/192.168.25.128:2181. Will not attempt to authenticate using SASL (unknown error)


[WARN ] 2019-05-16 10:11:40,241 method:org.apache.zookeeper.ClientCnxn$SendThread.run(ClientCnxn.java:1162)
Session 0x16abc8388100001 for server null, unexpected error, closing socket connection and attempting reconnect
java.net.ConnectException: Connection timed out: no further information
	at sun.nio.ch.SocketChannelImpl.checkConnect(Native Method)
	at sun.nio.ch.SocketChannelImpl.finishConnect(SocketChannelImpl.java:717)
	at org.apache.zookeeper.ClientCnxnSocketNIO.doTransport(ClientCnxnSocketNIO.java:361)
	at org.apache.zookeeper.ClientCnxn$SendThread.run(ClientCnxn.java:1141)


[INFO ] 2019-05-16 10:11:41,385 method:org.apache.zookeeper.ClientCnxn$SendThread.logStartConnect(ClientCnxn.java:1032)
Opening socket connection to server 192.168.25.128/192.168.25.128:2181. Will not attempt to authenticate using SASL (unknown error)


[WARN ] 2019-05-16 10:12:02,476 method:org.apache.zookeeper.ClientCnxn$SendThread.run(ClientCnxn.java:1162)
Session 0x16abc8388100001 for server null, unexpected error, closing socket connection and attempting reconnect
java.net.ConnectException: Connection timed out: no further information
	at sun.nio.ch.SocketChannelImpl.checkConnect(Native Method)
	at sun.nio.ch.SocketChannelImpl.finishConnect(SocketChannelImpl.java:717)
	at org.apache.zookeeper.ClientCnxnSocketNIO.doTransport(ClientCnxnSocketNIO.java:361)
	at org.apache.zookeeper.ClientCnxn$SendThread.run(ClientCnxn.java:1141)


[INFO ] 2019-05-16 10:12:04,372 method:org.apache.zookeeper.ClientCnxn$SendThread.logStartConnect(ClientCnxn.java:1032)
Opening socket connection to server 192.168.25.128/192.168.25.128:2181. Will not attempt to authenticate using SASL (unknown error)


[WARN ] 2019-05-16 10:12:25,369 method:org.apache.zookeeper.ClientCnxn$SendThread.run(ClientCnxn.java:1162)
Session 0x16abc8388100001 for server null, unexpected error, closing socket connection and attempting reconnect
java.net.ConnectException: Connection timed out: no further information
	at sun.nio.ch.SocketChannelImpl.checkConnect(Native Method)
	at sun.nio.ch.SocketChannelImpl.finishConnect(SocketChannelImpl.java:717)
	at org.apache.zookeeper.ClientCnxnSocketNIO.doTransport(ClientCnxnSocketNIO.java:361)
	at org.apache.zookeeper.ClientCnxn$SendThread.run(ClientCnxn.java:1141)


[INFO ] 2019-05-16 10:12:27,450 method:org.apache.zookeeper.ClientCnxn$SendThread.logStartConnect(ClientCnxn.java:1032)
Opening socket connection to server 192.168.25.128/192.168.25.128:2181. Will not attempt to authenticate using SASL (unknown error)


[WARN ] 2019-05-16 10:12:48,491 method:org.apache.zookeeper.ClientCnxn$SendThread.run(ClientCnxn.java:1162)
Session 0x16abc8388100001 for server null, unexpected error, closing socket connection and attempting reconnect
java.net.ConnectException: Connection timed out: no further information
	at sun.nio.ch.SocketChannelImpl.checkConnect(Native Method)
	at sun.nio.ch.SocketChannelImpl.finishConnect(SocketChannelImpl.java:717)
	at org.apache.zookeeper.ClientCnxnSocketNIO.doTransport(ClientCnxnSocketNIO.java:361)
	at org.apache.zookeeper.ClientCnxn$SendThread.run(ClientCnxn.java:1141)


[INFO ] 2019-05-16 10:12:50,112 method:org.apache.zookeeper.ClientCnxn$SendThread.logStartConnect(ClientCnxn.java:1032)
Opening socket connection to server 192.168.25.128/192.168.25.128:2181. Will not attempt to authenticate using SASL (unknown error)


[WARN ] 2019-05-16 10:13:11,106 method:org.apache.zookeeper.ClientCnxn$SendThread.run(ClientCnxn.java:1162)
Session 0x16abc8388100001 for server null, unexpected error, closing socket connection and attempting reconnect
java.net.ConnectException: Connection timed out: no further information
	at sun.nio.ch.SocketChannelImpl.checkConnect(Native Method)
	at sun.nio.ch.SocketChannelImpl.finishConnect(SocketChannelImpl.java:717)
	at org.apache.zookeeper.ClientCnxnSocketNIO.doTransport(ClientCnxnSocketNIO.java:361)
	at org.apache.zookeeper.ClientCnxn$SendThread.run(ClientCnxn.java:1141)


[INFO ] 2019-05-16 10:13:13,043 method:org.apache.zookeeper.ClientCnxn$SendThread.logStartConnect(ClientCnxn.java:1032)
Opening socket connection to server 192.168.25.128/192.168.25.128:2181. Will not attempt to authenticate using SASL (unknown error)


[WARN ] 2019-05-16 10:13:34,039 method:org.apache.zookeeper.ClientCnxn$SendThread.run(ClientCnxn.java:1162)
Session 0x16abc8388100001 for server null, unexpected error, closing socket connection and attempting reconnect
java.net.ConnectException: Connection timed out: no further information
	at sun.nio.ch.SocketChannelImpl.checkConnect(Native Method)
	at sun.nio.ch.SocketChannelImpl.finishConnect(SocketChannelImpl.java:717)
	at org.apache.zookeeper.ClientCnxnSocketNIO.doTransport(ClientCnxnSocketNIO.java:361)
	at org.apache.zookeeper.ClientCnxn$SendThread.run(ClientCnxn.java:1141)


[INFO ] 2019-05-16 10:13:35,809 method:org.apache.zookeeper.ClientCnxn$SendThread.logStartConnect(ClientCnxn.java:1032)
Opening socket connection to server 192.168.25.128/192.168.25.128:2181. Will not attempt to authenticate using SASL (unknown error)


[WARN ] 2019-05-16 10:13:56,813 method:org.apache.zookeeper.ClientCnxn$SendThread.run(ClientCnxn.java:1162)
Session 0x16abc8388100001 for server null, unexpected error, closing socket connection and attempting reconnect
java.net.ConnectException: Connection timed out: no further information
	at sun.nio.ch.SocketChannelImpl.checkConnect(Native Method)
	at sun.nio.ch.SocketChannelImpl.finishConnect(SocketChannelImpl.java:717)
	at org.apache.zookeeper.ClientCnxnSocketNIO.doTransport(ClientCnxnSocketNIO.java:361)
	at org.apache.zookeeper.ClientCnxn$SendThread.run(ClientCnxn.java:1141)


[INFO ] 2019-05-16 10:13:58,272 method:org.apache.zookeeper.ClientCnxn$SendThread.logStartConnect(ClientCnxn.java:1032)
Opening socket connection to server 192.168.25.128/192.168.25.128:2181. Will not attempt to authenticate using SASL (unknown error)


[WARN ] 2019-05-16 10:14:19,285 method:org.apache.zookeeper.ClientCnxn$SendThread.run(ClientCnxn.java:1162)
Session 0x16abc8388100001 for server null, unexpected error, closing socket connection and attempting reconnect
java.net.ConnectException: Connection timed out: no further information
	at sun.nio.ch.SocketChannelImpl.checkConnect(Native Method)
	at sun.nio.ch.SocketChannelImpl.finishConnect(SocketChannelImpl.java:717)
	at org.apache.zookeeper.ClientCnxnSocketNIO.doTransport(ClientCnxnSocketNIO.java:361)
	at org.apache.zookeeper.ClientCnxn$SendThread.run(ClientCnxn.java:1141)


[INFO ] 2019-05-16 10:14:21,043 method:org.apache.zookeeper.ClientCnxn$SendThread.logStartConnect(ClientCnxn.java:1032)
Opening socket connection to server 192.168.25.128/192.168.25.128:2181. Will not attempt to authenticate using SASL (unknown error)


[WARN ] 2019-05-16 10:14:42,127 method:org.apache.zookeeper.ClientCnxn$SendThread.run(ClientCnxn.java:1162)
Session 0x16abc8388100001 for server null, unexpected error, closing socket connection and attempting reconnect
java.net.ConnectException: Connection timed out: no further information
	at sun.nio.ch.SocketChannelImpl.checkConnect(Native Method)
	at sun.nio.ch.SocketChannelImpl.finishConnect(SocketChannelImpl.java:717)
	at org.apache.zookeeper.ClientCnxnSocketNIO.doTransport(ClientCnxnSocketNIO.java:361)
	at org.apache.zookeeper.ClientCnxn$SendThread.run(ClientCnxn.java:1141)


[INFO ] 2019-05-16 10:14:43,684 method:org.apache.zookeeper.ClientCnxn$SendThread.logStartConnect(ClientCnxn.java:1032)
Opening socket connection to server 192.168.25.128/192.168.25.128:2181. Will not attempt to authenticate using SASL (unknown error)


[WARN ] 2019-05-16 10:15:04,680 method:org.apache.zookeeper.ClientCnxn$SendThread.run(ClientCnxn.java:1162)
Session 0x16abc8388100001 for server null, unexpected error, closing socket connection and attempting reconnect
java.net.ConnectException: Connection timed out: no further information
	at sun.nio.ch.SocketChannelImpl.checkConnect(Native Method)
	at sun.nio.ch.SocketChannelImpl.finishConnect(SocketChannelImpl.java:717)
	at org.apache.zookeeper.ClientCnxnSocketNIO.doTransport(ClientCnxnSocketNIO.java:361)
	at org.apache.zookeeper.ClientCnxn$SendThread.run(ClientCnxn.java:1141)


[INFO ] 2019-05-16 10:15:06,676 method:org.apache.zookeeper.ClientCnxn$SendThread.logStartConnect(ClientCnxn.java:1032)
Opening socket connection to server 192.168.25.128/192.168.25.128:2181. Will not attempt to authenticate using SASL (unknown error)


[WARN ] 2019-05-16 10:15:27,679 method:org.apache.zookeeper.ClientCnxn$SendThread.run(ClientCnxn.java:1162)
Session 0x16abc8388100001 for server null, unexpected error, closing socket connection and attempting reconnect
java.net.ConnectException: Connection timed out: no further information
	at sun.nio.ch.SocketChannelImpl.checkConnect(Native Method)
	at sun.nio.ch.SocketChannelImpl.finishConnect(SocketChannelImpl.java:717)
	at org.apache.zookeeper.ClientCnxnSocketNIO.doTransport(ClientCnxnSocketNIO.java:361)
	at org.apache.zookeeper.ClientCnxn$SendThread.run(ClientCnxn.java:1141)


[INFO ] 2019-05-16 10:15:29,085 method:org.apache.zookeeper.ClientCnxn$SendThread.logStartConnect(ClientCnxn.java:1032)
Opening socket connection to server 192.168.25.128/192.168.25.128:2181. Will not attempt to authenticate using SASL (unknown error)


[WARN ] 2019-05-16 10:15:50,079 method:org.apache.zookeeper.ClientCnxn$SendThread.run(ClientCnxn.java:1162)
Session 0x16abc8388100001 for server null, unexpected error, closing socket connection and attempting reconnect
java.net.ConnectException: Connection timed out: no further information
	at sun.nio.ch.SocketChannelImpl.checkConnect(Native Method)
	at sun.nio.ch.SocketChannelImpl.finishConnect(SocketChannelImpl.java:717)
	at org.apache.zookeeper.ClientCnxnSocketNIO.doTransport(ClientCnxnSocketNIO.java:361)
	at org.apache.zookeeper.ClientCnxn$SendThread.run(ClientCnxn.java:1141)


[INFO ] 2019-05-16 10:15:52,041 method:org.apache.zookeeper.ClientCnxn$SendThread.logStartConnect(ClientCnxn.java:1032)
Opening socket connection to server 192.168.25.128/192.168.25.128:2181. Will not attempt to authenticate using SASL (unknown error)


[WARN ] 2019-05-16 10:16:13,065 method:org.apache.zookeeper.ClientCnxn$SendThread.run(ClientCnxn.java:1162)
Session 0x16abc8388100001 for server null, unexpected error, closing socket connection and attempting reconnect
java.net.ConnectException: Connection timed out: no further information
	at sun.nio.ch.SocketChannelImpl.checkConnect(Native Method)
	at sun.nio.ch.SocketChannelImpl.finishConnect(SocketChannelImpl.java:717)
	at org.apache.zookeeper.ClientCnxnSocketNIO.doTransport(ClientCnxnSocketNIO.java:361)
	at org.apache.zookeeper.ClientCnxn$SendThread.run(ClientCnxn.java:1141)


[INFO ] 2019-05-16 10:16:14,346 method:org.apache.zookeeper.ClientCnxn$SendThread.logStartConnect(ClientCnxn.java:1032)
Opening socket connection to server 192.168.25.128/192.168.25.128:2181. Will not attempt to authenticate using SASL (unknown error)


[WARN ] 2019-05-16 10:16:35,422 method:org.apache.zookeeper.ClientCnxn$SendThread.run(ClientCnxn.java:1162)
Session 0x16abc8388100001 for server null, unexpected error, closing socket connection and attempting reconnect
java.net.ConnectException: Connection timed out: no further information
	at sun.nio.ch.SocketChannelImpl.checkConnect(Native Method)
	at sun.nio.ch.SocketChannelImpl.finishConnect(SocketChannelImpl.java:717)
	at org.apache.zookeeper.ClientCnxnSocketNIO.doTransport(ClientCnxnSocketNIO.java:361)
	at org.apache.zookeeper.ClientCnxn$SendThread.run(ClientCnxn.java:1141)


[INFO ] 2019-05-16 10:16:36,907 method:org.apache.zookeeper.ClientCnxn$SendThread.logStartConnect(ClientCnxn.java:1032)
Opening socket connection to server 192.168.25.128/192.168.25.128:2181. Will not attempt to authenticate using SASL (unknown error)


[WARN ] 2019-05-16 10:16:57,918 method:org.apache.zookeeper.ClientCnxn$SendThread.run(ClientCnxn.java:1162)
Session 0x16abc8388100001 for server null, unexpected error, closing socket connection and attempting reconnect
java.net.ConnectException: Connection timed out: no further information
	at sun.nio.ch.SocketChannelImpl.checkConnect(Native Method)
	at sun.nio.ch.SocketChannelImpl.finishConnect(SocketChannelImpl.java:717)
	at org.apache.zookeeper.ClientCnxnSocketNIO.doTransport(ClientCnxnSocketNIO.java:361)
	at org.apache.zookeeper.ClientCnxn$SendThread.run(ClientCnxn.java:1141)


[INFO ] 2019-05-16 10:16:59,610 method:org.apache.zookeeper.ClientCnxn$SendThread.logStartConnect(ClientCnxn.java:1032)
Opening socket connection to server 192.168.25.128/192.168.25.128:2181. Will not attempt to authenticate using SASL (unknown error)


[WARN ] 2019-05-16 10:17:20,639 method:org.apache.zookeeper.ClientCnxn$SendThread.run(ClientCnxn.java:1162)
Session 0x16abc8388100001 for server null, unexpected error, closing socket connection and attempting reconnect
java.net.ConnectException: Connection timed out: no further information
	at sun.nio.ch.SocketChannelImpl.checkConnect(Native Method)
	at sun.nio.ch.SocketChannelImpl.finishConnect(SocketChannelImpl.java:717)
	at org.apache.zookeeper.ClientCnxnSocketNIO.doTransport(ClientCnxnSocketNIO.java:361)
	at org.apache.zookeeper.ClientCnxn$SendThread.run(ClientCnxn.java:1141)


[INFO ] 2019-05-16 10:17:22,456 method:org.apache.zookeeper.ClientCnxn$SendThread.logStartConnect(ClientCnxn.java:1032)
Opening socket connection to server 192.168.25.128/192.168.25.128:2181. Will not attempt to authenticate using SASL (unknown error)


[WARN ] 2019-05-16 10:17:43,466 method:org.apache.zookeeper.ClientCnxn$SendThread.run(ClientCnxn.java:1162)
Session 0x16abc8388100001 for server null, unexpected error, closing socket connection and attempting reconnect
java.net.ConnectException: Connection timed out: no further information
	at sun.nio.ch.SocketChannelImpl.checkConnect(Native Method)
	at sun.nio.ch.SocketChannelImpl.finishConnect(SocketChannelImpl.java:717)
	at org.apache.zookeeper.ClientCnxnSocketNIO.doTransport(ClientCnxnSocketNIO.java:361)
	at org.apache.zookeeper.ClientCnxn$SendThread.run(ClientCnxn.java:1141)


[INFO ] 2019-05-16 10:17:45,292 method:org.apache.zookeeper.ClientCnxn$SendThread.logStartConnect(ClientCnxn.java:1032)
Opening socket connection to server 192.168.25.128/192.168.25.128:2181. Will not attempt to authenticate using SASL (unknown error)


[WARN ] 2019-05-16 10:18:06,308 method:org.apache.zookeeper.ClientCnxn$SendThread.run(ClientCnxn.java:1162)
Session 0x16abc8388100001 for server null, unexpected error, closing socket connection and attempting reconnect
java.net.ConnectException: Connection timed out: no further information
	at sun.nio.ch.SocketChannelImpl.checkConnect(Native Method)
	at sun.nio.ch.SocketChannelImpl.finishConnect(SocketChannelImpl.java:717)
	at org.apache.zookeeper.ClientCnxnSocketNIO.doTransport(ClientCnxnSocketNIO.java:361)
	at org.apache.zookeeper.ClientCnxn$SendThread.run(ClientCnxn.java:1141)


[INFO ] 2019-05-16 10:18:08,336 method:org.apache.zookeeper.ClientCnxn$SendThread.logStartConnect(ClientCnxn.java:1032)
Opening socket connection to server 192.168.25.128/192.168.25.128:2181. Will not attempt to authenticate using SASL (unknown error)


[WARN ] 2019-05-16 10:18:29,333 method:org.apache.zookeeper.ClientCnxn$SendThread.run(ClientCnxn.java:1162)
Session 0x16abc8388100001 for server null, unexpected error, closing socket connection and attempting reconnect
java.net.ConnectException: Connection timed out: no further information
	at sun.nio.ch.SocketChannelImpl.checkConnect(Native Method)
	at sun.nio.ch.SocketChannelImpl.finishConnect(SocketChannelImpl.java:717)
	at org.apache.zookeeper.ClientCnxnSocketNIO.doTransport(ClientCnxnSocketNIO.java:361)
	at org.apache.zookeeper.ClientCnxn$SendThread.run(ClientCnxn.java:1141)


[INFO ] 2019-05-16 10:18:31,276 method:org.apache.zookeeper.ClientCnxn$SendThread.logStartConnect(ClientCnxn.java:1032)
Opening socket connection to server 192.168.25.128/192.168.25.128:2181. Will not attempt to authenticate using SASL (unknown error)


[WARN ] 2019-05-16 10:18:52,273 method:org.apache.zookeeper.ClientCnxn$SendThread.run(ClientCnxn.java:1162)
Session 0x16abc8388100001 for server null, unexpected error, closing socket connection and attempting reconnect
java.net.ConnectException: Connection timed out: no further information
	at sun.nio.ch.SocketChannelImpl.checkConnect(Native Method)
	at sun.nio.ch.SocketChannelImpl.finishConnect(SocketChannelImpl.java:717)
	at org.apache.zookeeper.ClientCnxnSocketNIO.doTransport(ClientCnxnSocketNIO.java:361)
	at org.apache.zookeeper.ClientCnxn$SendThread.run(ClientCnxn.java:1141)


[INFO ] 2019-05-16 10:18:54,042 method:org.apache.zookeeper.ClientCnxn$SendThread.logStartConnect(ClientCnxn.java:1032)
Opening socket connection to server 192.168.25.128/192.168.25.128:2181. Will not attempt to authenticate using SASL (unknown error)


[WARN ] 2019-05-16 10:19:15,203 method:org.apache.zookeeper.ClientCnxn$SendThread.run(ClientCnxn.java:1162)
Session 0x16abc8388100001 for server null, unexpected error, closing socket connection and attempting reconnect
java.net.ConnectException: Connection timed out: no further information
	at sun.nio.ch.SocketChannelImpl.checkConnect(Native Method)
	at sun.nio.ch.SocketChannelImpl.finishConnect(SocketChannelImpl.java:717)
	at org.apache.zookeeper.ClientCnxnSocketNIO.doTransport(ClientCnxnSocketNIO.java:361)
	at org.apache.zookeeper.ClientCnxn$SendThread.run(ClientCnxn.java:1141)


[INFO ] 2019-05-16 10:19:16,733 method:org.apache.zookeeper.ClientCnxn$SendThread.logStartConnect(ClientCnxn.java:1032)
Opening socket connection to server 192.168.25.128/192.168.25.128:2181. Will not attempt to authenticate using SASL (unknown error)


[WARN ] 2019-05-16 10:19:37,825 method:org.apache.zookeeper.ClientCnxn$SendThread.run(ClientCnxn.java:1162)
Session 0x16abc8388100001 for server null, unexpected error, closing socket connection and attempting reconnect
java.net.ConnectException: Connection timed out: no further information
	at sun.nio.ch.SocketChannelImpl.checkConnect(Native Method)
	at sun.nio.ch.SocketChannelImpl.finishConnect(SocketChannelImpl.java:717)
	at org.apache.zookeeper.ClientCnxnSocketNIO.doTransport(ClientCnxnSocketNIO.java:361)
	at org.apache.zookeeper.ClientCnxn$SendThread.run(ClientCnxn.java:1141)


[INFO ] 2019-05-16 10:19:39,293 method:org.apache.zookeeper.ClientCnxn$SendThread.logStartConnect(ClientCnxn.java:1032)
Opening socket connection to server 192.168.25.128/192.168.25.128:2181. Will not attempt to authenticate using SASL (unknown error)


[WARN ] 2019-05-16 10:20:00,300 method:org.apache.zookeeper.ClientCnxn$SendThread.run(ClientCnxn.java:1162)
Session 0x16abc8388100001 for server null, unexpected error, closing socket connection and attempting reconnect
java.net.ConnectException: Connection timed out: no further information
	at sun.nio.ch.SocketChannelImpl.checkConnect(Native Method)
	at sun.nio.ch.SocketChannelImpl.finishConnect(SocketChannelImpl.java:717)
	at org.apache.zookeeper.ClientCnxnSocketNIO.doTransport(ClientCnxnSocketNIO.java:361)
	at org.apache.zookeeper.ClientCnxn$SendThread.run(ClientCnxn.java:1141)


[INFO ] 2019-05-16 10:20:02,195 method:org.apache.zookeeper.ClientCnxn$SendThread.logStartConnect(ClientCnxn.java:1032)
Opening socket connection to server 192.168.25.128/192.168.25.128:2181. Will not attempt to authenticate using SASL (unknown error)


[WARN ] 2019-05-16 10:20:23,200 method:org.apache.zookeeper.ClientCnxn$SendThread.run(ClientCnxn.java:1162)
Session 0x16abc8388100001 for server null, unexpected error, closing socket connection and attempting reconnect
java.net.ConnectException: Connection timed out: no further information
	at sun.nio.ch.SocketChannelImpl.checkConnect(Native Method)
	at sun.nio.ch.SocketChannelImpl.finishConnect(SocketChannelImpl.java:717)
	at org.apache.zookeeper.ClientCnxnSocketNIO.doTransport(ClientCnxnSocketNIO.java:361)
	at org.apache.zookeeper.ClientCnxn$SendThread.run(ClientCnxn.java:1141)


[INFO ] 2019-05-16 10:20:25,033 method:org.apache.zookeeper.ClientCnxn$SendThread.logStartConnect(ClientCnxn.java:1032)
Opening socket connection to server 192.168.25.128/192.168.25.128:2181. Will not attempt to authenticate using SASL (unknown error)


[WARN ] 2019-05-16 10:20:46,030 method:org.apache.zookeeper.ClientCnxn$SendThread.run(ClientCnxn.java:1162)
Session 0x16abc8388100001 for server null, unexpected error, closing socket connection and attempting reconnect
java.net.ConnectException: Connection timed out: no further information
	at sun.nio.ch.SocketChannelImpl.checkConnect(Native Method)
	at sun.nio.ch.SocketChannelImpl.finishConnect(SocketChannelImpl.java:717)
	at org.apache.zookeeper.ClientCnxnSocketNIO.doTransport(ClientCnxnSocketNIO.java:361)
	at org.apache.zookeeper.ClientCnxn$SendThread.run(ClientCnxn.java:1141)


[INFO ] 2019-05-16 10:20:47,564 method:org.apache.zookeeper.ClientCnxn$SendThread.logStartConnect(ClientCnxn.java:1032)
Opening socket connection to server 192.168.25.128/192.168.25.128:2181. Will not attempt to authenticate using SASL (unknown error)


[WARN ] 2019-05-16 10:21:08,565 method:org.apache.zookeeper.ClientCnxn$SendThread.run(ClientCnxn.java:1162)
Session 0x16abc8388100001 for server null, unexpected error, closing socket connection and attempting reconnect
java.net.ConnectException: Connection timed out: no further information
	at sun.nio.ch.SocketChannelImpl.checkConnect(Native Method)
	at sun.nio.ch.SocketChannelImpl.finishConnect(SocketChannelImpl.java:717)
	at org.apache.zookeeper.ClientCnxnSocketNIO.doTransport(ClientCnxnSocketNIO.java:361)
	at org.apache.zookeeper.ClientCnxn$SendThread.run(ClientCnxn.java:1141)


[INFO ] 2019-05-16 10:21:10,598 method:org.apache.zookeeper.ClientCnxn$SendThread.logStartConnect(ClientCnxn.java:1032)
Opening socket connection to server 192.168.25.128/192.168.25.128:2181. Will not attempt to authenticate using SASL (unknown error)


[WARN ] 2019-05-16 10:21:31,601 method:org.apache.zookeeper.ClientCnxn$SendThread.run(ClientCnxn.java:1162)
Session 0x16abc8388100001 for server null, unexpected error, closing socket connection and attempting reconnect
java.net.ConnectException: Connection timed out: no further information
	at sun.nio.ch.SocketChannelImpl.checkConnect(Native Method)
	at sun.nio.ch.SocketChannelImpl.finishConnect(SocketChannelImpl.java:717)
	at org.apache.zookeeper.ClientCnxnSocketNIO.doTransport(ClientCnxnSocketNIO.java:361)
	at org.apache.zookeeper.ClientCnxn$SendThread.run(ClientCnxn.java:1141)


[INFO ] 2019-05-16 10:21:33,227 method:org.apache.zookeeper.ClientCnxn$SendThread.logStartConnect(ClientCnxn.java:1032)
Opening socket connection to server 192.168.25.128/192.168.25.128:2181. Will not attempt to authenticate using SASL (unknown error)


[WARN ] 2019-05-16 10:21:54,233 method:org.apache.zookeeper.ClientCnxn$SendThread.run(ClientCnxn.java:1162)
Session 0x16abc8388100001 for server null, unexpected error, closing socket connection and attempting reconnect
java.net.ConnectException: Connection timed out: no further information
	at sun.nio.ch.SocketChannelImpl.checkConnect(Native Method)
	at sun.nio.ch.SocketChannelImpl.finishConnect(SocketChannelImpl.java:717)
	at org.apache.zookeeper.ClientCnxnSocketNIO.doTransport(ClientCnxnSocketNIO.java:361)
	at org.apache.zookeeper.ClientCnxn$SendThread.run(ClientCnxn.java:1141)


[INFO ] 2019-05-16 10:21:55,872 method:org.apache.zookeeper.ClientCnxn$SendThread.logStartConnect(ClientCnxn.java:1032)
Opening socket connection to server 192.168.25.128/192.168.25.128:2181. Will not attempt to authenticate using SASL (unknown error)


[WARN ] 2019-05-16 10:22:17,015 method:org.apache.zookeeper.ClientCnxn$SendThread.run(ClientCnxn.java:1162)
Session 0x16abc8388100001 for server null, unexpected error, closing socket connection and attempting reconnect
java.net.ConnectException: Connection timed out: no further information
	at sun.nio.ch.SocketChannelImpl.checkConnect(Native Method)
	at sun.nio.ch.SocketChannelImpl.finishConnect(SocketChannelImpl.java:717)
	at org.apache.zookeeper.ClientCnxnSocketNIO.doTransport(ClientCnxnSocketNIO.java:361)
	at org.apache.zookeeper.ClientCnxn$SendThread.run(ClientCnxn.java:1141)


[INFO ] 2019-05-16 10:22:19,005 method:org.apache.zookeeper.ClientCnxn$SendThread.logStartConnect(ClientCnxn.java:1032)
Opening socket connection to server 192.168.25.128/192.168.25.128:2181. Will not attempt to authenticate using SASL (unknown error)


[WARN ] 2019-05-16 10:22:40,009 method:org.apache.zookeeper.ClientCnxn$SendThread.run(ClientCnxn.java:1162)
Session 0x16abc8388100001 for server null, unexpected error, closing socket connection and attempting reconnect
java.net.ConnectException: Connection timed out: no further information
	at sun.nio.ch.SocketChannelImpl.checkConnect(Native Method)
	at sun.nio.ch.SocketChannelImpl.finishConnect(SocketChannelImpl.java:717)
	at org.apache.zookeeper.ClientCnxnSocketNIO.doTransport(ClientCnxnSocketNIO.java:361)
	at org.apache.zookeeper.ClientCnxn$SendThread.run(ClientCnxn.java:1141)


[INFO ] 2019-05-16 10:22:41,398 method:org.apache.zookeeper.ClientCnxn$SendThread.logStartConnect(ClientCnxn.java:1032)
Opening socket connection to server 192.168.25.128/192.168.25.128:2181. Will not attempt to authenticate using SASL (unknown error)


[WARN ] 2019-05-16 10:23:02,399 method:org.apache.zookeeper.ClientCnxn$SendThread.run(ClientCnxn.java:1162)
Session 0x16abc8388100001 for server null, unexpected error, closing socket connection and attempting reconnect
java.net.ConnectException: Connection timed out: no further information
	at sun.nio.ch.SocketChannelImpl.checkConnect(Native Method)
	at sun.nio.ch.SocketChannelImpl.finishConnect(SocketChannelImpl.java:717)
	at org.apache.zookeeper.ClientCnxnSocketNIO.doTransport(ClientCnxnSocketNIO.java:361)
	at org.apache.zookeeper.ClientCnxn$SendThread.run(ClientCnxn.java:1141)


[INFO ] 2019-05-16 10:23:03,850 method:org.apache.zookeeper.ClientCnxn$SendThread.logStartConnect(ClientCnxn.java:1032)
Opening socket connection to server 192.168.25.128/192.168.25.128:2181. Will not attempt to authenticate using SASL (unknown error)


[WARN ] 2019-05-16 10:23:24,920 method:org.apache.zookeeper.ClientCnxn$SendThread.run(ClientCnxn.java:1162)
Session 0x16abc8388100001 for server null, unexpected error, closing socket connection and attempting reconnect
java.net.ConnectException: Connection timed out: no further information
	at sun.nio.ch.SocketChannelImpl.checkConnect(Native Method)
	at sun.nio.ch.SocketChannelImpl.finishConnect(SocketChannelImpl.java:717)
	at org.apache.zookeeper.ClientCnxnSocketNIO.doTransport(ClientCnxnSocketNIO.java:361)
	at org.apache.zookeeper.ClientCnxn$SendThread.run(ClientCnxn.java:1141)


[INFO ] 2019-05-16 10:23:26,065 method:org.apache.zookeeper.ClientCnxn$SendThread.logStartConnect(ClientCnxn.java:1032)
Opening socket connection to server 192.168.25.128/192.168.25.128:2181. Will not attempt to authenticate using SASL (unknown error)


[WARN ] 2019-05-16 10:23:47,122 method:org.apache.zookeeper.ClientCnxn$SendThread.run(ClientCnxn.java:1162)
Session 0x16abc8388100001 for server null, unexpected error, closing socket connection and attempting reconnect
java.net.ConnectException: Connection timed out: no further information
	at sun.nio.ch.SocketChannelImpl.checkConnect(Native Method)
	at sun.nio.ch.SocketChannelImpl.finishConnect(SocketChannelImpl.java:717)
	at org.apache.zookeeper.ClientCnxnSocketNIO.doTransport(ClientCnxnSocketNIO.java:361)
	at org.apache.zookeeper.ClientCnxn$SendThread.run(ClientCnxn.java:1141)


[INFO ] 2019-05-16 10:23:49,118 method:org.apache.zookeeper.ClientCnxn$SendThread.logStartConnect(ClientCnxn.java:1032)
Opening socket connection to server 192.168.25.128/192.168.25.128:2181. Will not attempt to authenticate using SASL (unknown error)


[WARN ] 2019-05-16 10:24:10,118 method:org.apache.zookeeper.ClientCnxn$SendThread.run(ClientCnxn.java:1162)
Session 0x16abc8388100001 for server null, unexpected error, closing socket connection and attempting reconnect
java.net.ConnectException: Connection timed out: no further information
	at sun.nio.ch.SocketChannelImpl.checkConnect(Native Method)
	at sun.nio.ch.SocketChannelImpl.finishConnect(SocketChannelImpl.java:717)
	at org.apache.zookeeper.ClientCnxnSocketNIO.doTransport(ClientCnxnSocketNIO.java:361)
	at org.apache.zookeeper.ClientCnxn$SendThread.run(ClientCnxn.java:1141)


[INFO ] 2019-05-16 10:24:11,899 method:org.apache.zookeeper.ClientCnxn$SendThread.logStartConnect(ClientCnxn.java:1032)
Opening socket connection to server 192.168.25.128/192.168.25.128:2181. Will not attempt to authenticate using SASL (unknown error)


[WARN ] 2019-05-16 10:24:32,913 method:org.apache.zookeeper.ClientCnxn$SendThread.run(ClientCnxn.java:1162)
Session 0x16abc8388100001 for server null, unexpected error, closing socket connection and attempting reconnect
java.net.ConnectException: Connection timed out: no further information
	at sun.nio.ch.SocketChannelImpl.checkConnect(Native Method)
	at sun.nio.ch.SocketChannelImpl.finishConnect(SocketChannelImpl.java:717)
	at org.apache.zookeeper.ClientCnxnSocketNIO.doTransport(ClientCnxnSocketNIO.java:361)
	at org.apache.zookeeper.ClientCnxn$SendThread.run(ClientCnxn.java:1141)


[INFO ] 2019-05-16 10:24:34,435 method:org.apache.zookeeper.ClientCnxn$SendThread.logStartConnect(ClientCnxn.java:1032)
Opening socket connection to server 192.168.25.128/192.168.25.128:2181. Will not attempt to authenticate using SASL (unknown error)


[WARN ] 2019-05-16 10:24:55,524 method:org.apache.zookeeper.ClientCnxn$SendThread.run(ClientCnxn.java:1162)
Session 0x16abc8388100001 for server null, unexpected error, closing socket connection and attempting reconnect
java.net.ConnectException: Connection timed out: no further information
	at sun.nio.ch.SocketChannelImpl.checkConnect(Native Method)
	at sun.nio.ch.SocketChannelImpl.finishConnect(SocketChannelImpl.java:717)
	at org.apache.zookeeper.ClientCnxnSocketNIO.doTransport(ClientCnxnSocketNIO.java:361)
	at org.apache.zookeeper.ClientCnxn$SendThread.run(ClientCnxn.java:1141)


[INFO ] 2019-05-16 10:24:57,437 method:org.apache.zookeeper.ClientCnxn$SendThread.logStartConnect(ClientCnxn.java:1032)
Opening socket connection to server 192.168.25.128/192.168.25.128:2181. Will not attempt to authenticate using SASL (unknown error)


[WARN ] 2019-05-16 10:25:18,438 method:org.apache.zookeeper.ClientCnxn$SendThread.run(ClientCnxn.java:1162)
Session 0x16abc8388100001 for server null, unexpected error, closing socket connection and attempting reconnect
java.net.ConnectException: Connection timed out: no further information
	at sun.nio.ch.SocketChannelImpl.checkConnect(Native Method)
	at sun.nio.ch.SocketChannelImpl.finishConnect(SocketChannelImpl.java:717)
	at org.apache.zookeeper.ClientCnxnSocketNIO.doTransport(ClientCnxnSocketNIO.java:361)
	at org.apache.zookeeper.ClientCnxn$SendThread.run(ClientCnxn.java:1141)


[INFO ] 2019-05-16 10:25:20,062 method:org.apache.zookeeper.ClientCnxn$SendThread.logStartConnect(ClientCnxn.java:1032)
Opening socket connection to server 192.168.25.128/192.168.25.128:2181. Will not attempt to authenticate using SASL (unknown error)


[WARN ] 2019-05-16 10:25:41,061 method:org.apache.zookeeper.ClientCnxn$SendThread.run(ClientCnxn.java:1162)
Session 0x16abc8388100001 for server null, unexpected error, closing socket connection and attempting reconnect
java.net.ConnectException: Connection timed out: no further information
	at sun.nio.ch.SocketChannelImpl.checkConnect(Native Method)
	at sun.nio.ch.SocketChannelImpl.finishConnect(SocketChannelImpl.java:717)
	at org.apache.zookeeper.ClientCnxnSocketNIO.doTransport(ClientCnxnSocketNIO.java:361)
	at org.apache.zookeeper.ClientCnxn$SendThread.run(ClientCnxn.java:1141)


[INFO ] 2019-05-16 10:25:42,817 method:org.apache.zookeeper.ClientCnxn$SendThread.logStartConnect(ClientCnxn.java:1032)
Opening socket connection to server 192.168.25.128/192.168.25.128:2181. Will not attempt to authenticate using SASL (unknown error)


[WARN ] 2019-05-16 10:26:03,813 method:org.apache.zookeeper.ClientCnxn$SendThread.run(ClientCnxn.java:1162)
Session 0x16abc8388100001 for server null, unexpected error, closing socket connection and attempting reconnect
java.net.ConnectException: Connection timed out: no further information
	at sun.nio.ch.SocketChannelImpl.checkConnect(Native Method)
	at sun.nio.ch.SocketChannelImpl.finishConnect(SocketChannelImpl.java:717)
	at org.apache.zookeeper.ClientCnxnSocketNIO.doTransport(ClientCnxnSocketNIO.java:361)
	at org.apache.zookeeper.ClientCnxn$SendThread.run(ClientCnxn.java:1141)


[INFO ] 2019-05-16 10:26:05,867 method:org.apache.zookeeper.ClientCnxn$SendThread.logStartConnect(ClientCnxn.java:1032)
Opening socket connection to server 192.168.25.128/192.168.25.128:2181. Will not attempt to authenticate using SASL (unknown error)


[WARN ] 2019-05-16 10:26:26,867 method:org.apache.zookeeper.ClientCnxn$SendThread.run(ClientCnxn.java:1162)
Session 0x16abc8388100001 for server null, unexpected error, closing socket connection and attempting reconnect
java.net.ConnectException: Connection timed out: no further information
	at sun.nio.ch.SocketChannelImpl.checkConnect(Native Method)
	at sun.nio.ch.SocketChannelImpl.finishConnect(SocketChannelImpl.java:717)
	at org.apache.zookeeper.ClientCnxnSocketNIO.doTransport(ClientCnxnSocketNIO.java:361)
	at org.apache.zookeeper.ClientCnxn$SendThread.run(ClientCnxn.java:1141)


[INFO ] 2019-05-16 10:26:28,569 method:org.apache.zookeeper.ClientCnxn$SendThread.logStartConnect(ClientCnxn.java:1032)
Opening socket connection to server 192.168.25.128/192.168.25.128:2181. Will not attempt to authenticate using SASL (unknown error)


[WARN ] 2019-05-16 10:26:49,639 method:org.apache.zookeeper.ClientCnxn$SendThread.run(ClientCnxn.java:1162)
Session 0x16abc8388100001 for server null, unexpected error, closing socket connection and attempting reconnect
java.net.ConnectException: Connection timed out: no further information
	at sun.nio.ch.SocketChannelImpl.checkConnect(Native Method)
	at sun.nio.ch.SocketChannelImpl.finishConnect(SocketChannelImpl.java:717)
	at org.apache.zookeeper.ClientCnxnSocketNIO.doTransport(ClientCnxnSocketNIO.java:361)
	at org.apache.zookeeper.ClientCnxn$SendThread.run(ClientCnxn.java:1141)


[INFO ] 2019-05-16 10:26:51,681 method:org.apache.zookeeper.ClientCnxn$SendThread.logStartConnect(ClientCnxn.java:1032)
Opening socket connection to server 192.168.25.128/192.168.25.128:2181. Will not attempt to authenticate using SASL (unknown error)


[WARN ] 2019-05-16 10:27:12,692 method:org.apache.zookeeper.ClientCnxn$SendThread.run(ClientCnxn.java:1162)
Session 0x16abc8388100001 for server null, unexpected error, closing socket connection and attempting reconnect
java.net.ConnectException: Connection timed out: no further information
	at sun.nio.ch.SocketChannelImpl.checkConnect(Native Method)
	at sun.nio.ch.SocketChannelImpl.finishConnect(SocketChannelImpl.java:717)
	at org.apache.zookeeper.ClientCnxnSocketNIO.doTransport(ClientCnxnSocketNIO.java:361)
	at org.apache.zookeeper.ClientCnxn$SendThread.run(ClientCnxn.java:1141)


[INFO ] 2019-05-16 10:27:14,696 method:org.apache.zookeeper.ClientCnxn$SendThread.logStartConnect(ClientCnxn.java:1032)
Opening socket connection to server 192.168.25.128/192.168.25.128:2181. Will not attempt to authenticate using SASL (unknown error)


[WARN ] 2019-05-16 10:27:35,706 method:org.apache.zookeeper.ClientCnxn$SendThread.run(ClientCnxn.java:1162)
Session 0x16abc8388100001 for server null, unexpected error, closing socket connection and attempting reconnect
java.net.ConnectException: Connection timed out: no further information
	at sun.nio.ch.SocketChannelImpl.checkConnect(Native Method)
	at sun.nio.ch.SocketChannelImpl.finishConnect(SocketChannelImpl.java:717)
	at org.apache.zookeeper.ClientCnxnSocketNIO.doTransport(ClientCnxnSocketNIO.java:361)
	at org.apache.zookeeper.ClientCnxn$SendThread.run(ClientCnxn.java:1141)


[INFO ] 2019-05-16 10:27:37,673 method:org.apache.zookeeper.ClientCnxn$SendThread.logStartConnect(ClientCnxn.java:1032)
Opening socket connection to server 192.168.25.128/192.168.25.128:2181. Will not attempt to authenticate using SASL (unknown error)


[WARN ] 2019-05-16 10:27:58,771 method:org.apache.zookeeper.ClientCnxn$SendThread.run(ClientCnxn.java:1162)
Session 0x16abc8388100001 for server null, unexpected error, closing socket connection and attempting reconnect
java.net.ConnectException: Connection timed out: no further information
	at sun.nio.ch.SocketChannelImpl.checkConnect(Native Method)
	at sun.nio.ch.SocketChannelImpl.finishConnect(SocketChannelImpl.java:717)
	at org.apache.zookeeper.ClientCnxnSocketNIO.doTransport(ClientCnxnSocketNIO.java:361)
	at org.apache.zookeeper.ClientCnxn$SendThread.run(ClientCnxn.java:1141)


[INFO ] 2019-05-16 10:28:00,208 method:org.apache.zookeeper.ClientCnxn$SendThread.logStartConnect(ClientCnxn.java:1032)
Opening socket connection to server 192.168.25.128/192.168.25.128:2181. Will not attempt to authenticate using SASL (unknown error)


[WARN ] 2019-05-16 10:28:21,580 method:org.apache.zookeeper.ClientCnxn$SendThread.run(ClientCnxn.java:1162)
Session 0x16abc8388100001 for server null, unexpected error, closing socket connection and attempting reconnect
java.net.ConnectException: Connection timed out: no further information
	at sun.nio.ch.SocketChannelImpl.checkConnect(Native Method)
	at sun.nio.ch.SocketChannelImpl.finishConnect(SocketChannelImpl.java:717)
	at org.apache.zookeeper.ClientCnxnSocketNIO.doTransport(ClientCnxnSocketNIO.java:361)
	at org.apache.zookeeper.ClientCnxn$SendThread.run(ClientCnxn.java:1141)


[INFO ] 2019-05-16 10:28:23,660 method:org.apache.zookeeper.ClientCnxn$SendThread.logStartConnect(ClientCnxn.java:1032)
Opening socket connection to server 192.168.25.128/192.168.25.128:2181. Will not attempt to authenticate using SASL (unknown error)


[WARN ] 2019-05-16 10:28:44,661 method:org.apache.zookeeper.ClientCnxn$SendThread.run(ClientCnxn.java:1162)
Session 0x16abc8388100001 for server null, unexpected error, closing socket connection and attempting reconnect
java.net.ConnectException: Connection timed out: no further information
	at sun.nio.ch.SocketChannelImpl.checkConnect(Native Method)
	at sun.nio.ch.SocketChannelImpl.finishConnect(SocketChannelImpl.java:717)
	at org.apache.zookeeper.ClientCnxnSocketNIO.doTransport(ClientCnxnSocketNIO.java:361)
	at org.apache.zookeeper.ClientCnxn$SendThread.run(ClientCnxn.java:1141)


[INFO ] 2019-05-16 10:28:46,270 method:org.apache.zookeeper.ClientCnxn$SendThread.logStartConnect(ClientCnxn.java:1032)
Opening socket connection to server 192.168.25.128/192.168.25.128:2181. Will not attempt to authenticate using SASL (unknown error)


[WARN ] 2019-05-16 10:29:07,268 method:org.apache.zookeeper.ClientCnxn$SendThread.run(ClientCnxn.java:1162)
Session 0x16abc8388100001 for server null, unexpected error, closing socket connection and attempting reconnect
java.net.ConnectException: Connection timed out: no further information
	at sun.nio.ch.SocketChannelImpl.checkConnect(Native Method)
	at sun.nio.ch.SocketChannelImpl.finishConnect(SocketChannelImpl.java:717)
	at org.apache.zookeeper.ClientCnxnSocketNIO.doTransport(ClientCnxnSocketNIO.java:361)
	at org.apache.zookeeper.ClientCnxn$SendThread.run(ClientCnxn.java:1141)


[INFO ] 2019-05-16 10:29:09,151 method:org.apache.zookeeper.ClientCnxn$SendThread.logStartConnect(ClientCnxn.java:1032)
Opening socket connection to server 192.168.25.128/192.168.25.128:2181. Will not attempt to authenticate using SASL (unknown error)


[WARN ] 2019-05-16 10:29:30,145 method:org.apache.zookeeper.ClientCnxn$SendThread.run(ClientCnxn.java:1162)
Session 0x16abc8388100001 for server null, unexpected error, closing socket connection and attempting reconnect
java.net.ConnectException: Connection timed out: no further information
	at sun.nio.ch.SocketChannelImpl.checkConnect(Native Method)
	at sun.nio.ch.SocketChannelImpl.finishConnect(SocketChannelImpl.java:717)
	at org.apache.zookeeper.ClientCnxnSocketNIO.doTransport(ClientCnxnSocketNIO.java:361)
	at org.apache.zookeeper.ClientCnxn$SendThread.run(ClientCnxn.java:1141)


[INFO ] 2019-05-16 10:29:32,010 method:org.apache.zookeeper.ClientCnxn$SendThread.logStartConnect(ClientCnxn.java:1032)
Opening socket connection to server 192.168.25.128/192.168.25.128:2181. Will not attempt to authenticate using SASL (unknown error)


[WARN ] 2019-05-16 10:29:53,044 method:org.apache.zookeeper.ClientCnxn$SendThread.run(ClientCnxn.java:1162)
Session 0x16abc8388100001 for server null, unexpected error, closing socket connection and attempting reconnect
java.net.ConnectException: Connection timed out: no further information
	at sun.nio.ch.SocketChannelImpl.checkConnect(Native Method)
	at sun.nio.ch.SocketChannelImpl.finishConnect(SocketChannelImpl.java:717)
	at org.apache.zookeeper.ClientCnxnSocketNIO.doTransport(ClientCnxnSocketNIO.java:361)
	at org.apache.zookeeper.ClientCnxn$SendThread.run(ClientCnxn.java:1141)


[INFO ] 2019-05-16 10:29:54,661 method:org.apache.zookeeper.ClientCnxn$SendThread.logStartConnect(ClientCnxn.java:1032)
Opening socket connection to server 192.168.25.128/192.168.25.128:2181. Will not attempt to authenticate using SASL (unknown error)


[WARN ] 2019-05-16 10:30:15,660 method:org.apache.zookeeper.ClientCnxn$SendThread.run(ClientCnxn.java:1162)
Session 0x16abc8388100001 for server null, unexpected error, closing socket connection and attempting reconnect
java.net.ConnectException: Connection timed out: no further information
	at sun.nio.ch.SocketChannelImpl.checkConnect(Native Method)
	at sun.nio.ch.SocketChannelImpl.finishConnect(SocketChannelImpl.java:717)
	at org.apache.zookeeper.ClientCnxnSocketNIO.doTransport(ClientCnxnSocketNIO.java:361)
	at org.apache.zookeeper.ClientCnxn$SendThread.run(ClientCnxn.java:1141)


[INFO ] 2019-05-16 10:30:17,788 method:org.apache.zookeeper.ClientCnxn$SendThread.logStartConnect(ClientCnxn.java:1032)
Opening socket connection to server 192.168.25.128/192.168.25.128:2181. Will not attempt to authenticate using SASL (unknown error)


[WARN ] 2019-05-16 10:30:38,786 method:org.apache.zookeeper.ClientCnxn$SendThread.run(ClientCnxn.java:1162)
Session 0x16abc8388100001 for server null, unexpected error, closing socket connection and attempting reconnect
java.net.ConnectException: Connection timed out: no further information
	at sun.nio.ch.SocketChannelImpl.checkConnect(Native Method)
	at sun.nio.ch.SocketChannelImpl.finishConnect(SocketChannelImpl.java:717)
	at org.apache.zookeeper.ClientCnxnSocketNIO.doTransport(ClientCnxnSocketNIO.java:361)
	at org.apache.zookeeper.ClientCnxn$SendThread.run(ClientCnxn.java:1141)


[INFO ] 2019-05-16 10:30:39,972 method:org.apache.zookeeper.ClientCnxn$SendThread.logStartConnect(ClientCnxn.java:1032)
Opening socket connection to server 192.168.25.128/192.168.25.128:2181. Will not attempt to authenticate using SASL (unknown error)


[WARN ] 2019-05-16 10:31:00,973 method:org.apache.zookeeper.ClientCnxn$SendThread.run(ClientCnxn.java:1162)
Session 0x16abc8388100001 for server null, unexpected error, closing socket connection and attempting reconnect
java.net.ConnectException: Connection timed out: no further information
	at sun.nio.ch.SocketChannelImpl.checkConnect(Native Method)
	at sun.nio.ch.SocketChannelImpl.finishConnect(SocketChannelImpl.java:717)
	at org.apache.zookeeper.ClientCnxnSocketNIO.doTransport(ClientCnxnSocketNIO.java:361)
	at org.apache.zookeeper.ClientCnxn$SendThread.run(ClientCnxn.java:1141)


[INFO ] 2019-05-16 10:31:02,726 method:org.apache.zookeeper.ClientCnxn$SendThread.logStartConnect(ClientCnxn.java:1032)
Opening socket connection to server 192.168.25.128/192.168.25.128:2181. Will not attempt to authenticate using SASL (unknown error)


[WARN ] 2019-05-16 10:31:23,734 method:org.apache.zookeeper.ClientCnxn$SendThread.run(ClientCnxn.java:1162)
Session 0x16abc8388100001 for server null, unexpected error, closing socket connection and attempting reconnect
java.net.ConnectException: Connection timed out: no further information
	at sun.nio.ch.SocketChannelImpl.checkConnect(Native Method)
	at sun.nio.ch.SocketChannelImpl.finishConnect(SocketChannelImpl.java:717)
	at org.apache.zookeeper.ClientCnxnSocketNIO.doTransport(ClientCnxnSocketNIO.java:361)
	at org.apache.zookeeper.ClientCnxn$SendThread.run(ClientCnxn.java:1141)


[INFO ] 2019-05-16 10:31:24,867 method:org.apache.zookeeper.ClientCnxn$SendThread.logStartConnect(ClientCnxn.java:1032)
Opening socket connection to server 192.168.25.128/192.168.25.128:2181. Will not attempt to authenticate using SASL (unknown error)


[WARN ] 2019-05-16 10:31:45,868 method:org.apache.zookeeper.ClientCnxn$SendThread.run(ClientCnxn.java:1162)
Session 0x16abc8388100001 for server null, unexpected error, closing socket connection and attempting reconnect
java.net.ConnectException: Connection timed out: no further information
	at sun.nio.ch.SocketChannelImpl.checkConnect(Native Method)
	at sun.nio.ch.SocketChannelImpl.finishConnect(SocketChannelImpl.java:717)
	at org.apache.zookeeper.ClientCnxnSocketNIO.doTransport(ClientCnxnSocketNIO.java:361)
	at org.apache.zookeeper.ClientCnxn$SendThread.run(ClientCnxn.java:1141)


[INFO ] 2019-05-16 10:31:47,476 method:org.apache.zookeeper.ClientCnxn$SendThread.logStartConnect(ClientCnxn.java:1032)
Opening socket connection to server 192.168.25.128/192.168.25.128:2181. Will not attempt to authenticate using SASL (unknown error)


[WARN ] 2019-05-16 10:32:08,475 method:org.apache.zookeeper.ClientCnxn$SendThread.run(ClientCnxn.java:1162)
Session 0x16abc8388100001 for server null, unexpected error, closing socket connection and attempting reconnect
java.net.ConnectException: Connection timed out: no further information
	at sun.nio.ch.SocketChannelImpl.checkConnect(Native Method)
	at sun.nio.ch.SocketChannelImpl.finishConnect(SocketChannelImpl.java:717)
	at org.apache.zookeeper.ClientCnxnSocketNIO.doTransport(ClientCnxnSocketNIO.java:361)
	at org.apache.zookeeper.ClientCnxn$SendThread.run(ClientCnxn.java:1141)


[INFO ] 2019-05-16 10:32:10,031 method:org.apache.zookeeper.ClientCnxn$SendThread.logStartConnect(ClientCnxn.java:1032)
Opening socket connection to server 192.168.25.128/192.168.25.128:2181. Will not attempt to authenticate using SASL (unknown error)


[WARN ] 2019-05-16 10:32:31,118 method:org.apache.zookeeper.ClientCnxn$SendThread.run(ClientCnxn.java:1162)
Session 0x16abc8388100001 for server null, unexpected error, closing socket connection and attempting reconnect
java.net.ConnectException: Connection timed out: no further information
	at sun.nio.ch.SocketChannelImpl.checkConnect(Native Method)
	at sun.nio.ch.SocketChannelImpl.finishConnect(SocketChannelImpl.java:717)
	at org.apache.zookeeper.ClientCnxnSocketNIO.doTransport(ClientCnxnSocketNIO.java:361)
	at org.apache.zookeeper.ClientCnxn$SendThread.run(ClientCnxn.java:1141)


[INFO ] 2019-05-16 10:32:32,742 method:org.apache.zookeeper.ClientCnxn$SendThread.logStartConnect(ClientCnxn.java:1032)
Opening socket connection to server 192.168.25.128/192.168.25.128:2181. Will not attempt to authenticate using SASL (unknown error)


[WARN ] 2019-05-16 10:32:53,739 method:org.apache.zookeeper.ClientCnxn$SendThread.run(ClientCnxn.java:1162)
Session 0x16abc8388100001 for server null, unexpected error, closing socket connection and attempting reconnect
java.net.ConnectException: Connection timed out: no further information
	at sun.nio.ch.SocketChannelImpl.checkConnect(Native Method)
	at sun.nio.ch.SocketChannelImpl.finishConnect(SocketChannelImpl.java:717)
	at org.apache.zookeeper.ClientCnxnSocketNIO.doTransport(ClientCnxnSocketNIO.java:361)
	at org.apache.zookeeper.ClientCnxn$SendThread.run(ClientCnxn.java:1141)


[INFO ] 2019-05-16 10:32:55,393 method:org.apache.zookeeper.ClientCnxn$SendThread.logStartConnect(ClientCnxn.java:1032)
Opening socket connection to server 192.168.25.128/192.168.25.128:2181. Will not attempt to authenticate using SASL (unknown error)


[WARN ] 2019-05-16 10:33:16,394 method:org.apache.zookeeper.ClientCnxn$SendThread.run(ClientCnxn.java:1162)
Session 0x16abc8388100001 for server null, unexpected error, closing socket connection and attempting reconnect
java.net.ConnectException: Connection timed out: no further information
	at sun.nio.ch.SocketChannelImpl.checkConnect(Native Method)
	at sun.nio.ch.SocketChannelImpl.finishConnect(SocketChannelImpl.java:717)
	at org.apache.zookeeper.ClientCnxnSocketNIO.doTransport(ClientCnxnSocketNIO.java:361)
	at org.apache.zookeeper.ClientCnxn$SendThread.run(ClientCnxn.java:1141)


[INFO ] 2019-05-16 10:33:18,227 method:org.apache.zookeeper.ClientCnxn$SendThread.logStartConnect(ClientCnxn.java:1032)
Opening socket connection to server 192.168.25.128/192.168.25.128:2181. Will not attempt to authenticate using SASL (unknown error)


[WARN ] 2019-05-16 10:33:39,220 method:org.apache.zookeeper.ClientCnxn$SendThread.run(ClientCnxn.java:1162)
Session 0x16abc8388100001 for server null, unexpected error, closing socket connection and attempting reconnect
java.net.ConnectException: Connection timed out: no further information
	at sun.nio.ch.SocketChannelImpl.checkConnect(Native Method)
	at sun.nio.ch.SocketChannelImpl.finishConnect(SocketChannelImpl.java:717)
	at org.apache.zookeeper.ClientCnxnSocketNIO.doTransport(ClientCnxnSocketNIO.java:361)
	at org.apache.zookeeper.ClientCnxn$SendThread.run(ClientCnxn.java:1141)


[INFO ] 2019-05-16 10:33:41,053 method:org.apache.zookeeper.ClientCnxn$SendThread.logStartConnect(ClientCnxn.java:1032)
Opening socket connection to server 192.168.25.128/192.168.25.128:2181. Will not attempt to authenticate using SASL (unknown error)


[WARN ] 2019-05-16 10:34:02,053 method:org.apache.zookeeper.ClientCnxn$SendThread.run(ClientCnxn.java:1162)
Session 0x16abc8388100001 for server null, unexpected error, closing socket connection and attempting reconnect
java.net.ConnectException: Connection timed out: no further information
	at sun.nio.ch.SocketChannelImpl.checkConnect(Native Method)
	at sun.nio.ch.SocketChannelImpl.finishConnect(SocketChannelImpl.java:717)
	at org.apache.zookeeper.ClientCnxnSocketNIO.doTransport(ClientCnxnSocketNIO.java:361)
	at org.apache.zookeeper.ClientCnxn$SendThread.run(ClientCnxn.java:1141)


[INFO ] 2019-05-16 10:34:03,211 method:org.apache.zookeeper.ClientCnxn$SendThread.logStartConnect(ClientCnxn.java:1032)
Opening socket connection to server 192.168.25.128/192.168.25.128:2181. Will not attempt to authenticate using SASL (unknown error)


[WARN ] 2019-05-16 10:34:24,318 method:org.apache.zookeeper.ClientCnxn$SendThread.run(ClientCnxn.java:1162)
Session 0x16abc8388100001 for server null, unexpected error, closing socket connection and attempting reconnect
java.net.ConnectException: Connection timed out: no further information
	at sun.nio.ch.SocketChannelImpl.checkConnect(Native Method)
	at sun.nio.ch.SocketChannelImpl.finishConnect(SocketChannelImpl.java:717)
	at org.apache.zookeeper.ClientCnxnSocketNIO.doTransport(ClientCnxnSocketNIO.java:361)
	at org.apache.zookeeper.ClientCnxn$SendThread.run(ClientCnxn.java:1141)


[INFO ] 2019-05-16 10:34:25,651 method:org.apache.zookeeper.ClientCnxn$SendThread.logStartConnect(ClientCnxn.java:1032)
Opening socket connection to server 192.168.25.128/192.168.25.128:2181. Will not attempt to authenticate using SASL (unknown error)


[WARN ] 2019-05-16 10:34:46,697 method:org.apache.zookeeper.ClientCnxn$SendThread.run(ClientCnxn.java:1162)
Session 0x16abc8388100001 for server null, unexpected error, closing socket connection and attempting reconnect
java.net.ConnectException: Connection timed out: no further information
	at sun.nio.ch.SocketChannelImpl.checkConnect(Native Method)
	at sun.nio.ch.SocketChannelImpl.finishConnect(SocketChannelImpl.java:717)
	at org.apache.zookeeper.ClientCnxnSocketNIO.doTransport(ClientCnxnSocketNIO.java:361)
	at org.apache.zookeeper.ClientCnxn$SendThread.run(ClientCnxn.java:1141)


[INFO ] 2019-05-16 10:34:48,416 method:org.apache.zookeeper.ClientCnxn$SendThread.logStartConnect(ClientCnxn.java:1032)
Opening socket connection to server 192.168.25.128/192.168.25.128:2181. Will not attempt to authenticate using SASL (unknown error)


[WARN ] 2019-05-16 10:35:09,413 method:org.apache.zookeeper.ClientCnxn$SendThread.run(ClientCnxn.java:1162)
Session 0x16abc8388100001 for server null, unexpected error, closing socket connection and attempting reconnect
java.net.ConnectException: Connection timed out: no further information
	at sun.nio.ch.SocketChannelImpl.checkConnect(Native Method)
	at sun.nio.ch.SocketChannelImpl.finishConnect(SocketChannelImpl.java:717)
	at org.apache.zookeeper.ClientCnxnSocketNIO.doTransport(ClientCnxnSocketNIO.java:361)
	at org.apache.zookeeper.ClientCnxn$SendThread.run(ClientCnxn.java:1141)


[INFO ] 2019-05-16 10:35:10,766 method:org.apache.zookeeper.ClientCnxn$SendThread.logStartConnect(ClientCnxn.java:1032)
Opening socket connection to server 192.168.25.128/192.168.25.128:2181. Will not attempt to authenticate using SASL (unknown error)


[WARN ] 2019-05-16 10:35:31,768 method:org.apache.zookeeper.ClientCnxn$SendThread.run(ClientCnxn.java:1162)
Session 0x16abc8388100001 for server null, unexpected error, closing socket connection and attempting reconnect
java.net.ConnectException: Connection timed out: no further information
	at sun.nio.ch.SocketChannelImpl.checkConnect(Native Method)
	at sun.nio.ch.SocketChannelImpl.finishConnect(SocketChannelImpl.java:717)
	at org.apache.zookeeper.ClientCnxnSocketNIO.doTransport(ClientCnxnSocketNIO.java:361)
	at org.apache.zookeeper.ClientCnxn$SendThread.run(ClientCnxn.java:1141)


[INFO ] 2019-05-16 10:35:33,737 method:org.apache.zookeeper.ClientCnxn$SendThread.logStartConnect(ClientCnxn.java:1032)
Opening socket connection to server 192.168.25.128/192.168.25.128:2181. Will not attempt to authenticate using SASL (unknown error)


[WARN ] 2019-05-16 10:35:54,750 method:org.apache.zookeeper.ClientCnxn$SendThread.run(ClientCnxn.java:1162)
Session 0x16abc8388100001 for server null, unexpected error, closing socket connection and attempting reconnect
java.net.ConnectException: Connection timed out: no further information
	at sun.nio.ch.SocketChannelImpl.checkConnect(Native Method)
	at sun.nio.ch.SocketChannelImpl.finishConnect(SocketChannelImpl.java:717)
	at org.apache.zookeeper.ClientCnxnSocketNIO.doTransport(ClientCnxnSocketNIO.java:361)
	at org.apache.zookeeper.ClientCnxn$SendThread.run(ClientCnxn.java:1141)


[INFO ] 2019-05-16 10:35:56,337 method:org.apache.zookeeper.ClientCnxn$SendThread.logStartConnect(ClientCnxn.java:1032)
Opening socket connection to server 192.168.25.128/192.168.25.128:2181. Will not attempt to authenticate using SASL (unknown error)


[WARN ] 2019-05-16 10:36:17,421 method:org.apache.zookeeper.ClientCnxn$SendThread.run(ClientCnxn.java:1162)
Session 0x16abc8388100001 for server null, unexpected error, closing socket connection and attempting reconnect
java.net.ConnectException: Connection timed out: no further information
	at sun.nio.ch.SocketChannelImpl.checkConnect(Native Method)
	at sun.nio.ch.SocketChannelImpl.finishConnect(SocketChannelImpl.java:717)
	at org.apache.zookeeper.ClientCnxnSocketNIO.doTransport(ClientCnxnSocketNIO.java:361)
	at org.apache.zookeeper.ClientCnxn$SendThread.run(ClientCnxn.java:1141)


[INFO ] 2019-05-16 10:36:18,691 method:org.apache.zookeeper.ClientCnxn$SendThread.logStartConnect(ClientCnxn.java:1032)
Opening socket connection to server 192.168.25.128/192.168.25.128:2181. Will not attempt to authenticate using SASL (unknown error)


[WARN ] 2019-05-16 10:36:39,692 method:org.apache.zookeeper.ClientCnxn$SendThread.run(ClientCnxn.java:1162)
Session 0x16abc8388100001 for server null, unexpected error, closing socket connection and attempting reconnect
java.net.ConnectException: Connection timed out: no further information
	at sun.nio.ch.SocketChannelImpl.checkConnect(Native Method)
	at sun.nio.ch.SocketChannelImpl.finishConnect(SocketChannelImpl.java:717)
	at org.apache.zookeeper.ClientCnxnSocketNIO.doTransport(ClientCnxnSocketNIO.java:361)
	at org.apache.zookeeper.ClientCnxn$SendThread.run(ClientCnxn.java:1141)


[INFO ] 2019-05-16 10:36:40,872 method:org.apache.zookeeper.ClientCnxn$SendThread.logStartConnect(ClientCnxn.java:1032)
Opening socket connection to server 192.168.25.128/192.168.25.128:2181. Will not attempt to authenticate using SASL (unknown error)


[WARN ] 2019-05-16 10:37:01,942 method:org.apache.zookeeper.ClientCnxn$SendThread.run(ClientCnxn.java:1162)
Session 0x16abc8388100001 for server null, unexpected error, closing socket connection and attempting reconnect
java.net.ConnectException: Connection timed out: no further information
	at sun.nio.ch.SocketChannelImpl.checkConnect(Native Method)
	at sun.nio.ch.SocketChannelImpl.finishConnect(SocketChannelImpl.java:717)
	at org.apache.zookeeper.ClientCnxnSocketNIO.doTransport(ClientCnxnSocketNIO.java:361)
	at org.apache.zookeeper.ClientCnxn$SendThread.run(ClientCnxn.java:1141)


[INFO ] 2019-05-16 10:37:03,088 method:org.apache.zookeeper.ClientCnxn$SendThread.logStartConnect(ClientCnxn.java:1032)
Opening socket connection to server 192.168.25.128/192.168.25.128:2181. Will not attempt to authenticate using SASL (unknown error)


[WARN ] 2019-05-16 10:37:24,090 method:org.apache.zookeeper.ClientCnxn$SendThread.run(ClientCnxn.java:1162)
Session 0x16abc8388100001 for server null, unexpected error, closing socket connection and attempting reconnect
java.net.ConnectException: Connection timed out: no further information
	at sun.nio.ch.SocketChannelImpl.checkConnect(Native Method)
	at sun.nio.ch.SocketChannelImpl.finishConnect(SocketChannelImpl.java:717)
	at org.apache.zookeeper.ClientCnxnSocketNIO.doTransport(ClientCnxnSocketNIO.java:361)
	at org.apache.zookeeper.ClientCnxn$SendThread.run(ClientCnxn.java:1141)


[INFO ] 2019-05-16 10:37:25,253 method:org.apache.zookeeper.ClientCnxn$SendThread.logStartConnect(ClientCnxn.java:1032)
Opening socket connection to server 192.168.25.128/192.168.25.128:2181. Will not attempt to authenticate using SASL (unknown error)


[WARN ] 2019-05-16 10:37:46,274 method:org.apache.zookeeper.ClientCnxn$SendThread.run(ClientCnxn.java:1162)
Session 0x16abc8388100001 for server null, unexpected error, closing socket connection and attempting reconnect
java.net.ConnectException: Connection timed out: no further information
	at sun.nio.ch.SocketChannelImpl.checkConnect(Native Method)
	at sun.nio.ch.SocketChannelImpl.finishConnect(SocketChannelImpl.java:717)
	at org.apache.zookeeper.ClientCnxnSocketNIO.doTransport(ClientCnxnSocketNIO.java:361)
	at org.apache.zookeeper.ClientCnxn$SendThread.run(ClientCnxn.java:1141)


[INFO ] 2019-05-16 10:37:47,901 method:org.apache.zookeeper.ClientCnxn$SendThread.logStartConnect(ClientCnxn.java:1032)
Opening socket connection to server 192.168.25.128/192.168.25.128:2181. Will not attempt to authenticate using SASL (unknown error)


[WARN ] 2019-05-16 10:38:08,917 method:org.apache.zookeeper.ClientCnxn$SendThread.run(ClientCnxn.java:1162)
Session 0x16abc8388100001 for server null, unexpected error, closing socket connection and attempting reconnect
java.net.ConnectException: Connection timed out: no further information
	at sun.nio.ch.SocketChannelImpl.checkConnect(Native Method)
	at sun.nio.ch.SocketChannelImpl.finishConnect(SocketChannelImpl.java:717)
	at org.apache.zookeeper.ClientCnxnSocketNIO.doTransport(ClientCnxnSocketNIO.java:361)
	at org.apache.zookeeper.ClientCnxn$SendThread.run(ClientCnxn.java:1141)


[INFO ] 2019-05-16 10:38:10,067 method:org.apache.zookeeper.ClientCnxn$SendThread.logStartConnect(ClientCnxn.java:1032)
Opening socket connection to server 192.168.25.128/192.168.25.128:2181. Will not attempt to authenticate using SASL (unknown error)


[INFO ] 2019-05-16 10:38:10,083 method:org.apache.zookeeper.ClientCnxn$SendThread.primeConnection(ClientCnxn.java:876)
Socket connection established to 192.168.25.128/192.168.25.128:2181, initiating session


[INFO ] 2019-05-16 10:38:10,600 method:org.apache.zookeeper.ClientCnxn$SendThread.onConnected(ClientCnxn.java:1299)
Session establishment complete on server 192.168.25.128/192.168.25.128:2181, sessionid = 0x16abc8388100001, negotiated timeout = 30000


[INFO ] 2019-05-16 10:38:10,600 method:org.I0Itec.zkclient.ZkClient.processStateChanged(ZkClient.java:449)
zookeeper state changed (SyncConnected)
